-------------------------------------------------------------------------------
Test set: TestSuite
-------------------------------------------------------------------------------
Tests run: 4, Failures: 1, Errors: 0, Skipped: 0, Time elapsed: 41.562 s <<< FAILURE! - in TestSuite
waitTest(com.packt.tests.Troubleshooting)  Time elapsed: 6.313 s  <<< FAILURE!
java.lang.AssertionError: 'Good bye World! text is not present on the page.' expected [true] but found [false]
	at com.packt.tests.Troubleshooting.waitTest(Troubleshooting.java:32)

