<?xml version="1.0" encoding="UTF-8"?>
<!-- Generated by org.testng.reporters.JUnitXMLReporter -->
<testsuite hostname="Dee-PC" ignored="0" name="Troubleshooting" tests="4" failures="1" timestamp="31 Mar 2018 17:59:06 GMT" time="50.17" errors="0">
  <testcase name="otherTest" time="10.964" classname="com.packt.tests.Troubleshooting"/>
  <testcase name="staleElementTest" time="5.228" classname="com.packt.tests.Troubleshooting"/>
  <testcase name="visibilityTest" time="8.732" classname="com.packt.tests.Troubleshooting"/>
  <testcase name="waitTest" time="8.084" classname="com.packt.tests.Troubleshooting">
    <failure type="java.lang.AssertionError" message="&amp;apos;Good bye World! text is not present on the page.&amp;apos; expected [true] but found [false]">
      <![CDATA[java.lang.AssertionError: 'Good bye World! text is not present on the page.' expected [true] but found [false]
at com.packt.tests.Troubleshooting.waitTest(Troubleshooting.java:32)
... Removed 28 stack frames]]>
    </failure>
  </testcase> <!-- waitTest -->
</testsuite> <!-- Troubleshooting -->
