<?xml version="1.0" encoding="UTF-8"?>
<!-- Generated by org.testng.reporters.JUnitXMLReporter -->
<testsuite hostname="Dee-PC" ignored="1" name="LogInTest-Chrome" tests="1" failures="0" timestamp="28 Apr 2018 13:50:44 GMT" time="10.533" errors="0">
  <testcase name="positiveLoginTest" time="5.41" classname="com.packt.tests.FirstTest"/>
  <testcase name="negativeLogInTest" time="0.0" classname="com.packt.tests.FirstTest">
    <ignored/>
  </testcase> <!-- negativeLogInTest -->
</testsuite> <!-- LogInTest-Chrome -->
