<?xml version="1.0" encoding="UTF-8"?>
<!-- Generated by org.testng.reporters.JUnitXMLReporter -->
<testsuite hostname="Dee-PC" ignored="1" name="LogInTest-HeadlessChrome" tests="1" failures="0" timestamp="08 Apr 2018 19:36:04 GMT" time="13.088" errors="0">
  <testcase name="positiveLoginTest" time="7.962" classname="com.packt.tests.FirstTest"/>
  <testcase name="negativeLogInTest" time="0.0" classname="com.packt.tests.FirstTest">
    <ignored/>
  </testcase> <!-- negativeLogInTest -->
</testsuite> <!-- LogInTest-HeadlessChrome -->
