<?xml version="1.0" encoding="UTF-8"?>
<!-- Generated by org.testng.reporters.JUnitXMLReporter -->
<testsuite hostname="Dee-PC" ignored="1" name="FirstTest-test" tests="1" failures="0" timestamp="31 Mar 2018 15:15:18 GMT" time="11.593" errors="0">
  <testcase name="firstTest" time="5.129" classname="com.packt.tests.FirstTest"/>
  <testcase name="negativeLogInTest" time="0.0" classname="com.packt.tests.FirstTest">
    <ignored/>
  </testcase> <!-- negativeLogInTest -->
</testsuite> <!-- FirstTest-test -->
