<?xml version="1.0" encoding="UTF-8"?>
<!-- Generated by org.testng.reporters.JUnitXMLReporter -->
<testsuite hostname="Dee-PC" ignored="0" name="Troubleshooting-Test" tests="4" failures="1" timestamp="31 Mar 2018 17:14:20 GMT" time="48.756" errors="0">
  <testcase name="otherTest" time="10.992" classname="com.packt.tests.Troubleshooting"/>
  <testcase name="staleElementTest" time="4.62" classname="com.packt.tests.Troubleshooting"/>
  <testcase name="visibilityTest" time="7.367" classname="com.packt.tests.Troubleshooting"/>
  <testcase name="waitTest" time="7.384" classname="com.packt.tests.Troubleshooting">
    <failure type="java.lang.AssertionError" message="&amp;apos;Good bye World! text is not present on the page.&amp;apos; expected [true] but found [false]">
      <![CDATA[java.lang.AssertionError: 'Good bye World! text is not present on the page.' expected [true] but found [false]
at com.packt.tests.Troubleshooting.waitTest(Troubleshooting.java:32)
... Removed 28 stack frames]]>
    </failure>
  </testcase> <!-- waitTest -->
</testsuite> <!-- Troubleshooting-Test -->
