<?xml version="1.0" encoding="UTF-8"?>
<testng-results skipped="0" failed="0" ignored="1" total="2" passed="1">
  <reporter-output>
  </reporter-output>
  <suite name="FirstTest-Suite" duration-ms="21628" started-at="2018-04-21T13:32:42Z" finished-at="2018-04-21T13:33:04Z">
    <groups>
    </groups>
    <test name="FirstTest-test" duration-ms="21628" started-at="2018-04-21T13:32:42Z" finished-at="2018-04-21T13:33:04Z">
      <class name="com.packt.tests.FirstTest">
        <test-method status="PASS" signature="setUp(java.lang.String, org.testng.ITestContext)[pri:0, instance:com.packt.tests.FirstTest@74ad1f1f]" name="setUp" is-config="true" duration-ms="11780" started-at="2018-04-21T13:32:42Z" finished-at="2018-04-21T13:32:54Z">
          <params>
            <param index="0">
              <value>
                <![CDATA[chromenode]]>
              </value>
            </param>
            <param index="1">
              <value>
                <![CDATA[org.testng.TestRunner@1ecee32c]]>
              </value>
            </param>
          </params>
          <reporter-output>
          </reporter-output>
        </test-method> <!-- setUp -->
        <test-method status="PASS" signature="positiveLoginTest(java.lang.String, java.lang.String)[pri:0, instance:com.packt.tests.FirstTest@74ad1f1f]" name="positiveLoginTest" duration-ms="9308" started-at="2018-04-21T13:32:54Z" finished-at="2018-04-21T13:33:04Z">
          <params>
            <param index="0">
              <value>
                <![CDATA[tomsmith]]>
              </value>
            </param>
            <param index="1">
              <value>
                <![CDATA[SuperSecretPassword!]]>
              </value>
            </param>
          </params>
          <reporter-output>
          </reporter-output>
        </test-method> <!-- positiveLoginTest -->
        <test-method status="PASS" signature="tearDown()[pri:0, instance:com.packt.tests.FirstTest@74ad1f1f]" name="tearDown" is-config="true" duration-ms="498" started-at="2018-04-21T13:33:04Z" finished-at="2018-04-21T13:33:04Z">
          <reporter-output>
          </reporter-output>
        </test-method> <!-- tearDown -->
      </class> <!-- com.packt.tests.FirstTest -->
    </test> <!-- FirstTest-test -->
  </suite> <!-- FirstTest-Suite -->
</testng-results>
