<?xml version="1.0" encoding="UTF-8"?>
<!-- Generated by org.testng.reporters.JUnitXMLReporter -->
<testsuite hostname="Dee-PC" ignored="0" name="FirstTest" tests="3" failures="2" timestamp="31 Mar 2018 17:58:15 GMT" time="26.929" errors="0">
  <testcase name="firstTest" time="5.352" classname="com.packt.tests.FirstTest">
    <failure type="java.lang.AssertionError" message="The following asserts failed:
	Page source doesn&amp;apos;t contain expected text: You logged into a secure area!Brake expected [true] but found [false]">
      <![CDATA[java.lang.AssertionError: The following asserts failed:
Page source doesn't contain expected text: You logged into a secure area!Brake expected [true] but found [false]
at com.packt.tests.FirstTest.firstTest(FirstTest.java:42)
... Removed 26 stack frames]]>
    </failure>
  </testcase> <!-- firstTest -->
  <testcase name="negativeLogInTest" time="3.818" classname="com.packt.tests.FirstTest"/>
  <testcase name="negativeLogInTest" time="3.548" classname="com.packt.tests.FirstTest">
    <failure type="java.lang.AssertionError" message="Actual and expected error messages are different. 
Expected: Your password is invalid!Broken 
Actual: Your password is invalid!
× expected [true] but found [false]">
      <![CDATA[java.lang.AssertionError: Actual and expected error messages are different. 
Expected: Your password is invalid!Broken 
Actual: Your password is invalid!
× expected [true] but found [false]
at com.packt.tests.FirstTest.negativeLogInTest(FirstTest.java:61)
... Removed 28 stack frames]]>
    </failure>
  </testcase> <!-- negativeLogInTest -->
</testsuite> <!-- FirstTest -->
