<?xml version="1.0" encoding="UTF-8"?>
<!-- Generated by org.testng.reporters.JUnitXMLReporter -->
<testsuite hostname="Dee-PC" ignored="1" name="FirstTest-test" tests="1" failures="0" timestamp="21 Apr 2018 13:33:04 GMT" time="21.628" errors="0">
  <testcase name="positiveLoginTest" time="9.308" classname="com.packt.tests.FirstTest"/>
  <testcase name="negativeLogInTest" time="0.0" classname="com.packt.tests.FirstTest">
    <ignored/>
  </testcase> <!-- negativeLogInTest -->
</testsuite> <!-- FirstTest-test -->
